[2023-03-09T03:37:42.804] [ERROR] DEV - intento fallido de registro
[2023-03-09T03:41:49.505] [INFO] DEV - El usuario jorgeguillermovalle@gmail.com accedió al dashboard
[2023-03-09T03:42:15.874] [INFO] DEV - El usuario jorgeguillermovalle@gmail.com  ha salido en ruta get logout
[2023-03-09T03:46:07.762] [INFO] DEV - Se ha registrado el usuario jorgeguillermovalle@gmail.com
[2023-03-09T03:46:07.931] [INFO] DEV - se creó el usuario jorgeguillermovalle@gmail.com  ruta session/register
[2023-03-09T04:06:00.213] [INFO] DEV - Se ha registrado el usuario georgevalle@outlook.com.ar
[2023-03-09T04:06:00.383] [INFO] DEV - se creó el usuario georgevalle@outlook.com.ar  ruta session/register
[2023-03-09T04:06:38.112] [INFO] DEV - El usuario georgevalle@outlook.com.ar accedió al dashboard
[2023-03-09T04:06:50.334] [INFO] DEV - El usuario georgevalle@outlook.com.ar  ha salido en ruta get logout
[2023-03-09T04:08:41.475] [INFO] DEV - Se ha registrado el usuario jorgevalle@outlook.com.ar
[2023-03-09T04:08:41.631] [INFO] DEV - se creó el usuario jorgevalle@outlook.com.ar  ruta session/register
[2023-03-09T04:09:15.133] [INFO] DEV - El usuario jorgevalle@outlook.com.ar accedió al dashboard
[2023-03-09T04:09:45.809] [INFO] DEV - El usuario jorgevalle@outlook.com.ar  ha salido en ruta get logout
[2023-03-09T04:13:28.632] [INFO] DEV - El usuario jorgevalle@outlook.com.ar accedió al dashboard
[2023-03-09T04:14:37.591] [INFO] DEV - El usuario jorgevalle@outlook.com.ar  ha salido en ruta get logout
[2023-03-09T04:37:52.548] [INFO] DEV - El usuario georgevalle@outlook.com.ar accedió al dashboard
[2023-03-09T04:40:03.984] [INFO] DEV - El usuario georgevalle@outlook.com.ar accedió al dashboard
[2023-03-09T04:42:00.795] [INFO] DEV - El usuario georgevalle@outlook.com.ar accedió al dashboard
[2023-03-09T04:44:11.705] [INFO] DEV - El usuario georgevalle@outlook.com.ar accedió al dashboard
[2023-03-09T04:53:28.837] [INFO] DEV - El usuario georgevalle@outlook.com.ar accedió al dashboard
[2023-03-09T04:53:54.842] [INFO] DEV - El usuario georgevalle@outlook.com.ar  ha salido en ruta get logout
[2023-03-09T04:58:16.743] [INFO] DEV - El usuario georgevalle@outlook.com.ar accedió al dashboard
[2023-03-09T05:01:06.732] [INFO] DEV - El usuario georgevalle@outlook.com.ar accedió al dashboard
[2023-03-09T05:01:22.593] [INFO] DEV - El usuario georgevalle@outlook.com.ar accedió al dashboard
[2023-03-09T05:01:32.725] [INFO] DEV - El usuario georgevalle@outlook.com.ar  ha salido en ruta get logout
[2023-03-09T05:03:59.149] [INFO] DEV - El usuario georgevalle@outlook.com.ar accedió al dashboard
[2023-03-09T05:04:07.879] [INFO] DEV - El usuario georgevalle@outlook.com.ar accedió al dashboard
[2023-03-09T13:14:40.922] [INFO] DEV - El usuario jorgevalle@outlook.com.ar accedió al dashboard
[2023-03-09T13:23:44.305] [INFO] DEV - El usuario jorgevalle@outlook.com.ar accedió al dashboard
[2023-03-09T13:34:08.186] [INFO] DEV - El usuario jorgevalle@outlook.com.ar accedió al dashboard
[2023-03-09T13:36:12.481] [INFO] DEV - El usuario jorgevalle@outlook.com.ar accedió al dashboard
[2023-03-09T13:45:17.994] [INFO] DEV - El usuario jorgevalle@outlook.com.ar accedió al dashboard
[2023-03-09T13:46:51.881] [INFO] DEV - El usuario jorgevalle@outlook.com.ar accedió al dashboard
[2023-03-09T13:53:09.922] [INFO] DEV - El usuario jorgevalle@outlook.com.ar accedió al dashboard
[2023-03-09T13:58:10.525] [INFO] DEV - El usuario jorgevalle@outlook.com.ar accedió al dashboard
[2023-03-09T15:16:08.955] [WARN] DEV - intento fallido de inicio de sesión
[2023-03-09T15:22:17.195] [INFO] DEV - El usuario jorgevalle@outlook.com.ar accedió al dashboard
[2023-03-09T18:49:19.685] [INFO] DEV - El usuario jorgevalle@outlook.com.ar accedió al dashboard
[2023-03-09T20:57:59.393] [INFO] DEV - El usuario jorgevalle@outlook.com.ar accedió al dashboard
[2023-03-10T10:43:32.757] [INFO] DEV - El usuario jorgevalle@outlook.com.ar accedió al dashboard
[2023-03-10T14:01:30.770] [INFO] DEV - El usuario jorgevalle@outlook.com.ar accedió al dashboard
[2023-03-10T14:07:36.549] [INFO] DEV - El usuario jorgevalle@outlook.com.ar  ha salido en ruta get logout
[2023-03-10T18:06:08.621] [INFO] DEV - El usuario jorgevalle@outlook.com.ar accedió al dashboard
[2023-03-10T19:31:58.255] [INFO] DEV - El usuario jorgevalle@outlook.com.ar accedió al dashboard
[2023-03-10T19:37:56.724] [INFO] DEV - El usuario jorgevalle@outlook.com.ar accedió al dashboard
[2023-03-10T19:45:15.503] [INFO] DEV - El usuario jorgevalle@outlook.com.ar accedió al dashboard
[2023-03-10T19:45:46.033] [INFO] DEV - El usuario jorgevalle@outlook.com.ar accedió al dashboard
[2023-03-10T19:45:51.426] [INFO] DEV - El usuario jorgevalle@outlook.com.ar  ha salido en ruta get logout
[2023-03-10T19:46:17.344] [INFO] DEV - El usuario georgevalle@outlook.com.ar accedió al dashboard
[2023-03-10T19:50:24.826] [INFO] DEV - El usuario georgevalle@outlook.com.ar  ha salido en ruta get logout
[2023-03-10T19:51:45.768] [INFO] DEV - El usuario jorgevalle@outlook.com.ar accedió al dashboard
[2023-03-10T19:51:54.348] [INFO] DEV - El usuario jorgevalle@outlook.com.ar  ha salido en ruta get logout
[2023-03-10T20:29:44.506] [INFO] DEV - El usuario jorgevalle@outlook.com.ar accedió al sector de compra
[2023-03-10T20:29:54.769] [INFO] DEV - El usuario jorgevalle@outlook.com.ar accedió al sector de compra
[2023-03-10T20:31:53.402] [INFO] DEV - El usuario jorgevalle@outlook.com.ar  ha salido en ruta get logout
